[debug] [2024-06-18T12:37:29.063Z] ----------------------------------------------------------------------
[debug] [2024-06-18T12:37:29.066Z] Command:       C:\Program Files\nodejs\node.exe C:\Users\ACER\AppData\Roaming\npm\node_modules\firebase-tools\lib\bin\firebase.js init
[debug] [2024-06-18T12:37:29.067Z] CLI Version:   13.11.2
[debug] [2024-06-18T12:37:29.067Z] Platform:      win32
[debug] [2024-06-18T12:37:29.068Z] Node Version:  v20.14.0
[debug] [2024-06-18T12:37:29.068Z] Time:          Tue Jun 18 2024 18:07:29 GMT+0530 (India Standard Time)
[debug] [2024-06-18T12:37:29.068Z] ----------------------------------------------------------------------
[debug] 
[debug] [2024-06-18T12:37:29.075Z] > command requires scopes: ["email","openid","https://www.googleapis.com/auth/cloudplatformprojects.readonly","https://www.googleapis.com/auth/firebase","https://www.googleapis.com/auth/cloud-platform"]
[debug] [2024-06-18T12:37:29.076Z] > authorizing via signed-in user (subramanyamkanithi@gmail.com)
[info] 
     ######## #### ########  ######## ########     ###     ######  ########
     ##        ##  ##     ## ##       ##     ##  ##   ##  ##       ##
     ######    ##  ########  ######   ########  #########  ######  ######
     ##        ##  ##    ##  ##       ##     ## ##     ##       ## ##
     ##       #### ##     ## ######## ########  ##     ##  ######  ########

You're about to initialize a Firebase project in this directory:

  E:\my-portfolio

[info] 
=== Project Setup
[info] 
[info] First, let's associate this project directory with a Firebase project.
[info] You can create multiple project aliases by running firebase use --add, 
[info] but for now we'll just set up a default project.
[info] 
[debug] [2024-06-18T12:37:57.379Z] >>> [apiv2][query] GET https://firebase.googleapis.com/v1beta1/projects pageSize=100
[debug] [2024-06-18T12:37:58.296Z] <<< [apiv2][status] GET https://firebase.googleapis.com/v1beta1/projects 200
[debug] [2024-06-18T12:37:58.296Z] <<< [apiv2][body] GET https://firebase.googleapis.com/v1beta1/projects [omitted]
[info] i  Using project subramanyam-portfolio (subramanyam-portfolio) 
[info] 
=== Database Setup
[info] i  database: ensuring required API firebasedatabase.googleapis.com is enabled... 
[debug] [2024-06-18T12:38:04.735Z] >>> [apiv2][query] GET https://serviceusage.googleapis.com/v1/projects/subramanyam-portfolio/services/firebasedatabase.googleapis.com [none]
[debug] [2024-06-18T12:38:04.735Z] >>> [apiv2][(partial)header] GET https://serviceusage.googleapis.com/v1/projects/subramanyam-portfolio/services/firebasedatabase.googleapis.com x-goog-quota-user=projects/subramanyam-portfolio
[debug] [2024-06-18T12:38:06.720Z] <<< [apiv2][status] GET https://serviceusage.googleapis.com/v1/projects/subramanyam-portfolio/services/firebasedatabase.googleapis.com 200
[debug] [2024-06-18T12:38:06.720Z] <<< [apiv2][body] GET https://serviceusage.googleapis.com/v1/projects/subramanyam-portfolio/services/firebasedatabase.googleapis.com [omitted]
[warn] !  database: missing required API firebasedatabase.googleapis.com. Enabling now... 
[debug] [2024-06-18T12:38:06.721Z] >>> [apiv2][query] POST https://serviceusage.googleapis.com/v1/projects/subramanyam-portfolio/services/firebasedatabase.googleapis.com:enable [none]
[debug] [2024-06-18T12:38:06.721Z] >>> [apiv2][(partial)header] POST https://serviceusage.googleapis.com/v1/projects/subramanyam-portfolio/services/firebasedatabase.googleapis.com:enable x-goog-quota-user=projects/subramanyam-portfolio
[debug] [2024-06-18T12:38:07.312Z] <<< [apiv2][status] POST https://serviceusage.googleapis.com/v1/projects/subramanyam-portfolio/services/firebasedatabase.googleapis.com:enable 200
[debug] [2024-06-18T12:38:07.312Z] <<< [apiv2][body] POST https://serviceusage.googleapis.com/v1/projects/subramanyam-portfolio/services/firebasedatabase.googleapis.com:enable [omitted]
[debug] [2024-06-18T12:38:17.315Z] >>> [apiv2][query] GET https://serviceusage.googleapis.com/v1/projects/subramanyam-portfolio/services/firebasedatabase.googleapis.com [none]
[debug] [2024-06-18T12:38:17.315Z] >>> [apiv2][(partial)header] GET https://serviceusage.googleapis.com/v1/projects/subramanyam-portfolio/services/firebasedatabase.googleapis.com x-goog-quota-user=projects/subramanyam-portfolio
[debug] [2024-06-18T12:38:19.334Z] <<< [apiv2][status] GET https://serviceusage.googleapis.com/v1/projects/subramanyam-portfolio/services/firebasedatabase.googleapis.com 200
[debug] [2024-06-18T12:38:19.335Z] <<< [apiv2][body] GET https://serviceusage.googleapis.com/v1/projects/subramanyam-portfolio/services/firebasedatabase.googleapis.com [omitted]
[info] +  database: required API firebasedatabase.googleapis.com is enabled 
[info] 
[debug] [2024-06-18T12:38:19.339Z] >>> [apiv2][query] GET https://firebase.googleapis.com/v1beta1/projects/subramanyam-portfolio [none]
[debug] [2024-06-18T12:38:20.006Z] <<< [apiv2][status] GET https://firebase.googleapis.com/v1beta1/projects/subramanyam-portfolio 200
[debug] [2024-06-18T12:38:20.006Z] <<< [apiv2][body] GET https://firebase.googleapis.com/v1beta1/projects/subramanyam-portfolio {"projectId":"subramanyam-portfolio","projectNumber":"776257888447","displayName":"subramanyam-portfolio","name":"projects/subramanyam-portfolio","resources":{"hostingSite":"subramanyam-portfolio"},"state":"ACTIVE","etag":"1_71578148-6ae4-4ffb-9231-da41e0373e3a"}
[debug] [2024-06-18T12:38:40.906Z] >>> [apiv2][query] POST https://firebasedatabase.googleapis.com/v1beta/projects/subramanyam-portfolio/locations/asia-southeast1/instances databaseId=subramanyam-portfolio-default-rtdb&validateOnly=true
[debug] [2024-06-18T12:38:40.906Z] >>> [apiv2][body] POST https://firebasedatabase.googleapis.com/v1beta/projects/subramanyam-portfolio/locations/asia-southeast1/instances {"type":"default_database"}
[debug] [2024-06-18T12:38:43.049Z] <<< [apiv2][status] POST https://firebasedatabase.googleapis.com/v1beta/projects/subramanyam-portfolio/locations/asia-southeast1/instances 200
[debug] [2024-06-18T12:38:43.050Z] <<< [apiv2][body] POST https://firebasedatabase.googleapis.com/v1beta/projects/subramanyam-portfolio/locations/asia-southeast1/instances {"name":"projects/776257888447/locations/asia-southeast1/instances/subramanyam-portfolio-default-rtdb","project":"projects/776257888447","databaseUrl":"https://subramanyam-portfolio-default-rtdb.asia-southeast1.firebasedatabase.app","type":"DEFAULT_DATABASE","state":"ACTIVE"}
[debug] [2024-06-18T12:38:43.052Z] >>> [apiv2][query] POST https://firebasedatabase.googleapis.com/v1beta/projects/subramanyam-portfolio/locations/asia-southeast1/instances databaseId=subramanyam-portfolio-default-rtdb
[debug] [2024-06-18T12:38:43.052Z] >>> [apiv2][body] POST https://firebasedatabase.googleapis.com/v1beta/projects/subramanyam-portfolio/locations/asia-southeast1/instances {"type":"default_database"}
[debug] [2024-06-18T12:38:43.794Z] <<< [apiv2][status] POST https://firebasedatabase.googleapis.com/v1beta/projects/subramanyam-portfolio/locations/asia-southeast1/instances 200
[debug] [2024-06-18T12:38:43.795Z] <<< [apiv2][body] POST https://firebasedatabase.googleapis.com/v1beta/projects/subramanyam-portfolio/locations/asia-southeast1/instances {"name":"projects/776257888447/locations/asia-southeast1/instances/subramanyam-portfolio-default-rtdb","project":"projects/776257888447","databaseUrl":"https://subramanyam-portfolio-default-rtdb.asia-southeast1.firebasedatabase.app","type":"DEFAULT_DATABASE","state":"ACTIVE"}
[info] 
[info] Firebase Realtime Database Security Rules allow you to define how your data should be
[info] structured and when your data can be read from and written to.
[info] 
[debug] [2024-06-18T12:39:09.147Z] >>> [apiv2][query] GET https://subramanyam-portfolio-default-rtdb.asia-southeast1.firebasedatabase.app/.settings/rules.json [none]
[debug] [2024-06-18T12:39:11.761Z] <<< [apiv2][status] GET https://subramanyam-portfolio-default-rtdb.asia-southeast1.firebasedatabase.app/.settings/rules.json 200
[debug] [2024-06-18T12:39:11.761Z] <<< [apiv2][body] GET https://subramanyam-portfolio-default-rtdb.asia-southeast1.firebasedatabase.app/.settings/rules.json [stream]
[info] +  Database Rules for subramanyam-portfolio-default-rtdb have been written to database.rules.json. 
[info] Future modifications to database.rules.json will update Realtime Database Security Rules when you run
[info] firebase deploy.
[info] 
=== Hosting Setup
[debug] [2024-06-18T12:39:11.772Z] >>> [apiv2][query] GET https://firebase.googleapis.com/v1beta1/projects/subramanyam-portfolio [none]
[debug] [2024-06-18T12:39:12.542Z] <<< [apiv2][status] GET https://firebase.googleapis.com/v1beta1/projects/subramanyam-portfolio 200
[debug] [2024-06-18T12:39:12.542Z] <<< [apiv2][body] GET https://firebase.googleapis.com/v1beta1/projects/subramanyam-portfolio {"projectId":"subramanyam-portfolio","projectNumber":"776257888447","displayName":"subramanyam-portfolio","name":"projects/subramanyam-portfolio","resources":{"hostingSite":"subramanyam-portfolio","realtimeDatabaseInstance":"subramanyam-portfolio-default-rtdb"},"state":"ACTIVE","etag":"1_71578148-6ae4-4ffb-9231-da41e0373e3a"}
[info] 
[info] Your public directory is the folder (relative to your project directory) that
[info] will contain Hosting assets to be uploaded with firebase deploy. If you
[info] have a build process for your assets, use your build's output directory.
[info] 
[debug] [2024-06-18T12:39:34.313Z] >>> [apiv2][query] GET https://www.gstatic.com/firebasejs/releases.json [none]
[debug] [2024-06-18T12:39:34.461Z] <<< [apiv2][status] GET https://www.gstatic.com/firebasejs/releases.json 200
[debug] [2024-06-18T12:39:34.461Z] <<< [apiv2][body] GET https://www.gstatic.com/firebasejs/releases.json {"current":{"version":"10.12.2","browserURL":"https://www.gstatic.com/firebasejs/10.12.2/firebase.js","packageURL":"https://www.gstatic.com/firebasejs/10.12.2/firebase.tgz"},"live":{"version":"10.12","browserURL":"https://www.gstatic.com/firebasejs/live/10.12/firebase.js","packageURL":"https://www.gstatic.com/firebasejs/live/10.12/firebase.tgz"},"components":{"analytics":"https://www.gstatic.com/firebasejs/10.12.2/firebase-analytics.js","app":"https://www.gstatic.com/firebasejs/10.12.2/firebase-app.js","app-check":"https://www.gstatic.com/firebasejs/10.12.2/firebase-app-check.js","auth":"https://www.gstatic.com/firebasejs/10.12.2/firebase-auth.js","auth/cordova":"https://www.gstatic.com/firebasejs/10.12.2/firebase-auth/cordova.js","auth/web-extension":"https://www.gstatic.com/firebasejs/10.12.2/firebase-auth/web-extension.js","functions":"https://www.gstatic.com/firebasejs/10.12.2/firebase-functions.js","firestore":"https://www.gstatic.com/firebasejs/10.12.2/firebase-firestore.js","firestore/lite":"https://www.gstatic.com/firebasejs/10.12.2/firebase-firestore/lite.js","installations":"https://www.gstatic.com/firebasejs/10.12.2/firebase-installations.js","storage":"https://www.gstatic.com/firebasejs/10.12.2/firebase-storage.js","performance":"https://www.gstatic.com/firebasejs/10.12.2/firebase-performance.js","remote-config":"https://www.gstatic.com/firebasejs/10.12.2/firebase-remote-config.js","messaging":"https://www.gstatic.com/firebasejs/10.12.2/firebase-messaging.js","messaging/sw":"https://www.gstatic.com/firebasejs/10.12.2/firebase-messaging/sw.js","database":"https://www.gstatic.com/firebasejs/10.12.2/firebase-database.js","vertexai-preview":"https://www.gstatic.com/firebasejs/10.12.2/firebase-vertexai-preview.js","firestore.memory":"https://www.gstatic.com/firebasejs/10.12.2/firebase-firestore.memory.js"}}
[info] +  Wrote public/index.html 
[info] 
[info] i  Detected a .git folder at E:\my-portfolio 
[info] i  Authorizing with GitHub to upload your service account to a GitHub repository's secrets store. 
[info] 
[info] Visit this URL on this device to log in:
[info] https://github.com/login/oauth/authorize?client_id=89cf50f02ac6aaed3484&state=627412360&redirect_uri=http%3A%2F%2Flocalhost%3A9005&scope=read%3Auser%20repo%20public_repo
[info] 
[info] Waiting for authentication...
[debug] [2024-06-18T12:50:30.442Z] ----------------------------------------------------------------------
[debug] [2024-06-18T12:50:30.446Z] Command:       C:\Program Files\nodejs\node.exe C:\Users\ACER\AppData\Roaming\npm\node_modules\firebase-tools\lib\bin\firebase.js init
[debug] [2024-06-18T12:50:30.446Z] CLI Version:   13.11.2
[debug] [2024-06-18T12:50:30.446Z] Platform:      win32
[debug] [2024-06-18T12:50:30.447Z] Node Version:  v20.14.0
[debug] [2024-06-18T12:50:30.447Z] Time:          Tue Jun 18 2024 18:20:30 GMT+0530 (India Standard Time)
[debug] [2024-06-18T12:50:30.447Z] ----------------------------------------------------------------------
[debug] 
[debug] [2024-06-18T12:50:30.454Z] > command requires scopes: ["email","openid","https://www.googleapis.com/auth/cloudplatformprojects.readonly","https://www.googleapis.com/auth/firebase","https://www.googleapis.com/auth/cloud-platform"]
[debug] [2024-06-18T12:50:30.454Z] > authorizing via signed-in user (subramanyamkanithi@gmail.com)
[info] 
     ######## #### ########  ######## ########     ###     ######  ########
     ##        ##  ##     ## ##       ##     ##  ##   ##  ##       ##
     ######    ##  ########  ######   ########  #########  ######  ######
     ##        ##  ##    ##  ##       ##     ## ##     ##       ## ##
     ##       #### ##     ## ######## ########  ##     ##  ######  ########

You're about to initialize a Firebase project in this directory:

  E:\my-portfolio

[info] 
=== Project Setup
[info] 
[info] First, let's associate this project directory with a Firebase project.
[info] You can create multiple project aliases by running firebase use --add, 
[info] but for now we'll just set up a default project.
[info] 
[debug] [2024-06-18T12:50:40.695Z] >>> [apiv2][query] GET https://firebase.googleapis.com/v1beta1/projects pageSize=100
[debug] [2024-06-18T12:50:41.521Z] <<< [apiv2][status] GET https://firebase.googleapis.com/v1beta1/projects 200
[debug] [2024-06-18T12:50:41.521Z] <<< [apiv2][body] GET https://firebase.googleapis.com/v1beta1/projects [omitted]
[info] i  Using project subramanyam-portfolio (subramanyam-portfolio) 
[info] 
=== Database Setup
[info] i  database: ensuring required API firebasedatabase.googleapis.com is enabled... 
[debug] [2024-06-18T12:50:43.536Z] >>> [apiv2][query] GET https://serviceusage.googleapis.com/v1/projects/subramanyam-portfolio/services/firebasedatabase.googleapis.com [none]
[debug] [2024-06-18T12:50:43.536Z] >>> [apiv2][(partial)header] GET https://serviceusage.googleapis.com/v1/projects/subramanyam-portfolio/services/firebasedatabase.googleapis.com x-goog-quota-user=projects/subramanyam-portfolio
[debug] [2024-06-18T12:50:44.176Z] <<< [apiv2][status] GET https://serviceusage.googleapis.com/v1/projects/subramanyam-portfolio/services/firebasedatabase.googleapis.com 200
[debug] [2024-06-18T12:50:44.176Z] <<< [apiv2][body] GET https://serviceusage.googleapis.com/v1/projects/subramanyam-portfolio/services/firebasedatabase.googleapis.com [omitted]
[info] +  database: required API firebasedatabase.googleapis.com is enabled 
[info] 
[debug] [2024-06-18T12:50:44.178Z] >>> [apiv2][query] GET https://firebasedatabase.googleapis.com/v1beta/projects/subramanyam-portfolio/locations/-/instances/subramanyam-portfolio-default-rtdb [none]
[debug] [2024-06-18T12:50:46.211Z] <<< [apiv2][status] GET https://firebasedatabase.googleapis.com/v1beta/projects/subramanyam-portfolio/locations/-/instances/subramanyam-portfolio-default-rtdb 200
[debug] [2024-06-18T12:50:46.212Z] <<< [apiv2][body] GET https://firebasedatabase.googleapis.com/v1beta/projects/subramanyam-portfolio/locations/-/instances/subramanyam-portfolio-default-rtdb {"name":"projects/776257888447/locations/asia-southeast1/instances/subramanyam-portfolio-default-rtdb","project":"projects/776257888447","databaseUrl":"https://subramanyam-portfolio-default-rtdb.asia-southeast1.firebasedatabase.app","type":"DEFAULT_DATABASE","state":"ACTIVE"}
[info] 
[info] Firebase Realtime Database Security Rules allow you to define how your data should be
[info] structured and when your data can be read from and written to.
[info] 
[debug] [2024-06-18T12:50:52.595Z] >>> [apiv2][query] GET https://subramanyam-portfolio-default-rtdb.asia-southeast1.firebasedatabase.app/.settings/rules.json [none]
[debug] [2024-06-18T12:50:54.439Z] <<< [apiv2][status] GET https://subramanyam-portfolio-default-rtdb.asia-southeast1.firebasedatabase.app/.settings/rules.json 200
[debug] [2024-06-18T12:50:54.439Z] <<< [apiv2][body] GET https://subramanyam-portfolio-default-rtdb.asia-southeast1.firebasedatabase.app/.settings/rules.json [stream]
[info] +  Database Rules for subramanyam-portfolio-default-rtdb have been written to database.rules.json. 
[info] Future modifications to database.rules.json will update Realtime Database Security Rules when you run
[info] firebase deploy.
[info] 
=== Hosting Setup
[debug] [2024-06-18T12:50:54.443Z] >>> [apiv2][query] GET https://firebase.googleapis.com/v1beta1/projects/subramanyam-portfolio [none]
[debug] [2024-06-18T12:50:55.335Z] <<< [apiv2][status] GET https://firebase.googleapis.com/v1beta1/projects/subramanyam-portfolio 200
[debug] [2024-06-18T12:50:55.335Z] <<< [apiv2][body] GET https://firebase.googleapis.com/v1beta1/projects/subramanyam-portfolio {"projectId":"subramanyam-portfolio","projectNumber":"776257888447","displayName":"subramanyam-portfolio","name":"projects/subramanyam-portfolio","resources":{"hostingSite":"subramanyam-portfolio","realtimeDatabaseInstance":"subramanyam-portfolio-default-rtdb"},"state":"ACTIVE","etag":"1_71578148-6ae4-4ffb-9231-da41e0373e3a"}
[info] 
[info] Your public directory is the folder (relative to your project directory) that
[info] will contain Hosting assets to be uploaded with firebase deploy. If you
[info] have a build process for your assets, use your build's output directory.
[info] 
[info] +  Wrote public/404.html 
[debug] [2024-06-18T12:51:02.014Z] >>> [apiv2][query] GET https://www.gstatic.com/firebasejs/releases.json [none]
[debug] [2024-06-18T12:51:02.260Z] <<< [apiv2][status] GET https://www.gstatic.com/firebasejs/releases.json 200
[debug] [2024-06-18T12:51:02.260Z] <<< [apiv2][body] GET https://www.gstatic.com/firebasejs/releases.json {"current":{"version":"10.12.2","browserURL":"https://www.gstatic.com/firebasejs/10.12.2/firebase.js","packageURL":"https://www.gstatic.com/firebasejs/10.12.2/firebase.tgz"},"live":{"version":"10.12","browserURL":"https://www.gstatic.com/firebasejs/live/10.12/firebase.js","packageURL":"https://www.gstatic.com/firebasejs/live/10.12/firebase.tgz"},"components":{"analytics":"https://www.gstatic.com/firebasejs/10.12.2/firebase-analytics.js","app":"https://www.gstatic.com/firebasejs/10.12.2/firebase-app.js","app-check":"https://www.gstatic.com/firebasejs/10.12.2/firebase-app-check.js","auth":"https://www.gstatic.com/firebasejs/10.12.2/firebase-auth.js","auth/cordova":"https://www.gstatic.com/firebasejs/10.12.2/firebase-auth/cordova.js","auth/web-extension":"https://www.gstatic.com/firebasejs/10.12.2/firebase-auth/web-extension.js","functions":"https://www.gstatic.com/firebasejs/10.12.2/firebase-functions.js","firestore":"https://www.gstatic.com/firebasejs/10.12.2/firebase-firestore.js","firestore/lite":"https://www.gstatic.com/firebasejs/10.12.2/firebase-firestore/lite.js","installations":"https://www.gstatic.com/firebasejs/10.12.2/firebase-installations.js","storage":"https://www.gstatic.com/firebasejs/10.12.2/firebase-storage.js","performance":"https://www.gstatic.com/firebasejs/10.12.2/firebase-performance.js","remote-config":"https://www.gstatic.com/firebasejs/10.12.2/firebase-remote-config.js","messaging":"https://www.gstatic.com/firebasejs/10.12.2/firebase-messaging.js","messaging/sw":"https://www.gstatic.com/firebasejs/10.12.2/firebase-messaging/sw.js","database":"https://www.gstatic.com/firebasejs/10.12.2/firebase-database.js","vertexai-preview":"https://www.gstatic.com/firebasejs/10.12.2/firebase-vertexai-preview.js","firestore.memory":"https://www.gstatic.com/firebasejs/10.12.2/firebase-firestore.memory.js"}}
[info] +  Wrote public/index.html 
[info] 
[info] i  Detected a .git folder at E:\my-portfolio 
[info] i  Authorizing with GitHub to upload your service account to a GitHub repository's secrets store. 
[info] 
[info] Visit this URL on this device to log in:
[info] https://github.com/login/oauth/authorize?client_id=89cf50f02ac6aaed3484&state=640013895&redirect_uri=http%3A%2F%2Flocalhost%3A9005&scope=read%3Auser%20repo%20public_repo
[info] 
[info] Waiting for authentication...
[debug] [2024-06-18T12:51:36.723Z] ----------------------------------------------------------------------
[debug] [2024-06-18T12:51:36.726Z] Command:       C:\Program Files\nodejs\node.exe C:\Users\ACER\AppData\Roaming\npm\node_modules\firebase-tools\lib\bin\firebase.js init
[debug] [2024-06-18T12:51:36.726Z] CLI Version:   13.11.2
[debug] [2024-06-18T12:51:36.727Z] Platform:      win32
[debug] [2024-06-18T12:51:36.727Z] Node Version:  v20.14.0
[debug] [2024-06-18T12:51:36.727Z] Time:          Tue Jun 18 2024 18:21:36 GMT+0530 (India Standard Time)
[debug] [2024-06-18T12:51:36.727Z] ----------------------------------------------------------------------
[debug] 
[debug] [2024-06-18T12:51:36.734Z] > command requires scopes: ["email","openid","https://www.googleapis.com/auth/cloudplatformprojects.readonly","https://www.googleapis.com/auth/firebase","https://www.googleapis.com/auth/cloud-platform"]
[debug] [2024-06-18T12:51:36.735Z] > authorizing via signed-in user (subramanyamkanithi@gmail.com)
[info] 
     ######## #### ########  ######## ########     ###     ######  ########
     ##        ##  ##     ## ##       ##     ##  ##   ##  ##       ##
     ######    ##  ########  ######   ########  #########  ######  ######
     ##        ##  ##    ##  ##       ##     ## ##     ##       ## ##
     ##       #### ##     ## ######## ########  ##     ##  ######  ########

You're about to initialize a Firebase project in this directory:

  E:\my-portfolio

[info] 
=== Project Setup
[info] 
[info] First, let's associate this project directory with a Firebase project.
[info] You can create multiple project aliases by running firebase use --add, 
[info] but for now we'll just set up a default project.
[info] 
[debug] [2024-06-18T12:51:44.609Z] >>> [apiv2][query] GET https://firebase.googleapis.com/v1beta1/projects pageSize=100
[debug] [2024-06-18T12:51:45.420Z] <<< [apiv2][status] GET https://firebase.googleapis.com/v1beta1/projects 200
[debug] [2024-06-18T12:51:45.420Z] <<< [apiv2][body] GET https://firebase.googleapis.com/v1beta1/projects [omitted]
[info] i  Using project subramanyam-portfolio (subramanyam-portfolio) 
[info] 
=== Database Setup
[info] i  database: ensuring required API firebasedatabase.googleapis.com is enabled... 
[debug] [2024-06-18T12:51:46.355Z] >>> [apiv2][query] GET https://serviceusage.googleapis.com/v1/projects/subramanyam-portfolio/services/firebasedatabase.googleapis.com [none]
[debug] [2024-06-18T12:51:46.355Z] >>> [apiv2][(partial)header] GET https://serviceusage.googleapis.com/v1/projects/subramanyam-portfolio/services/firebasedatabase.googleapis.com x-goog-quota-user=projects/subramanyam-portfolio
[debug] [2024-06-18T12:51:48.380Z] <<< [apiv2][status] GET https://serviceusage.googleapis.com/v1/projects/subramanyam-portfolio/services/firebasedatabase.googleapis.com 200
[debug] [2024-06-18T12:51:48.380Z] <<< [apiv2][body] GET https://serviceusage.googleapis.com/v1/projects/subramanyam-portfolio/services/firebasedatabase.googleapis.com [omitted]
[info] +  database: required API firebasedatabase.googleapis.com is enabled 
[info] 
[debug] [2024-06-18T12:51:48.381Z] >>> [apiv2][query] GET https://firebasedatabase.googleapis.com/v1beta/projects/subramanyam-portfolio/locations/-/instances/subramanyam-portfolio-default-rtdb [none]
[debug] [2024-06-18T12:51:50.068Z] <<< [apiv2][status] GET https://firebasedatabase.googleapis.com/v1beta/projects/subramanyam-portfolio/locations/-/instances/subramanyam-portfolio-default-rtdb 200
[debug] [2024-06-18T12:51:50.069Z] <<< [apiv2][body] GET https://firebasedatabase.googleapis.com/v1beta/projects/subramanyam-portfolio/locations/-/instances/subramanyam-portfolio-default-rtdb {"name":"projects/776257888447/locations/asia-southeast1/instances/subramanyam-portfolio-default-rtdb","project":"projects/776257888447","databaseUrl":"https://subramanyam-portfolio-default-rtdb.asia-southeast1.firebasedatabase.app","type":"DEFAULT_DATABASE","state":"ACTIVE"}
[info] 
[info] Firebase Realtime Database Security Rules allow you to define how your data should be
[info] structured and when your data can be read from and written to.
[info] 
[debug] [2024-06-18T12:51:53.017Z] >>> [apiv2][query] GET https://subramanyam-portfolio-default-rtdb.asia-southeast1.firebasedatabase.app/.settings/rules.json [none]
[debug] [2024-06-18T12:51:53.230Z] <<< [apiv2][status] GET https://subramanyam-portfolio-default-rtdb.asia-southeast1.firebasedatabase.app/.settings/rules.json 200
[debug] [2024-06-18T12:51:53.230Z] <<< [apiv2][body] GET https://subramanyam-portfolio-default-rtdb.asia-southeast1.firebasedatabase.app/.settings/rules.json [stream]
[info] +  Database Rules for subramanyam-portfolio-default-rtdb have been written to database.rules.json. 
[info] Future modifications to database.rules.json will update Realtime Database Security Rules when you run
[info] firebase deploy.
[info] 
=== Hosting Setup
[debug] [2024-06-18T12:51:53.239Z] >>> [apiv2][query] GET https://firebase.googleapis.com/v1beta1/projects/subramanyam-portfolio [none]
[debug] [2024-06-18T12:51:53.677Z] <<< [apiv2][status] GET https://firebase.googleapis.com/v1beta1/projects/subramanyam-portfolio 200
[debug] [2024-06-18T12:51:53.678Z] <<< [apiv2][body] GET https://firebase.googleapis.com/v1beta1/projects/subramanyam-portfolio {"projectId":"subramanyam-portfolio","projectNumber":"776257888447","displayName":"subramanyam-portfolio","name":"projects/subramanyam-portfolio","resources":{"hostingSite":"subramanyam-portfolio","realtimeDatabaseInstance":"subramanyam-portfolio-default-rtdb"},"state":"ACTIVE","etag":"1_71578148-6ae4-4ffb-9231-da41e0373e3a"}
[info] 
[info] Your public directory is the folder (relative to your project directory) that
[info] will contain Hosting assets to be uploaded with firebase deploy. If you
[info] have a build process for your assets, use your build's output directory.
[info] 
[debug] [2024-06-18T12:51:57.903Z] >>> [apiv2][query] GET https://www.gstatic.com/firebasejs/releases.json [none]
[debug] [2024-06-18T12:51:58.139Z] <<< [apiv2][status] GET https://www.gstatic.com/firebasejs/releases.json 200
[debug] [2024-06-18T12:51:58.139Z] <<< [apiv2][body] GET https://www.gstatic.com/firebasejs/releases.json {"current":{"version":"10.12.2","browserURL":"https://www.gstatic.com/firebasejs/10.12.2/firebase.js","packageURL":"https://www.gstatic.com/firebasejs/10.12.2/firebase.tgz"},"live":{"version":"10.12","browserURL":"https://www.gstatic.com/firebasejs/live/10.12/firebase.js","packageURL":"https://www.gstatic.com/firebasejs/live/10.12/firebase.tgz"},"components":{"analytics":"https://www.gstatic.com/firebasejs/10.12.2/firebase-analytics.js","app":"https://www.gstatic.com/firebasejs/10.12.2/firebase-app.js","app-check":"https://www.gstatic.com/firebasejs/10.12.2/firebase-app-check.js","auth":"https://www.gstatic.com/firebasejs/10.12.2/firebase-auth.js","auth/cordova":"https://www.gstatic.com/firebasejs/10.12.2/firebase-auth/cordova.js","auth/web-extension":"https://www.gstatic.com/firebasejs/10.12.2/firebase-auth/web-extension.js","functions":"https://www.gstatic.com/firebasejs/10.12.2/firebase-functions.js","firestore":"https://www.gstatic.com/firebasejs/10.12.2/firebase-firestore.js","firestore/lite":"https://www.gstatic.com/firebasejs/10.12.2/firebase-firestore/lite.js","installations":"https://www.gstatic.com/firebasejs/10.12.2/firebase-installations.js","storage":"https://www.gstatic.com/firebasejs/10.12.2/firebase-storage.js","performance":"https://www.gstatic.com/firebasejs/10.12.2/firebase-performance.js","remote-config":"https://www.gstatic.com/firebasejs/10.12.2/firebase-remote-config.js","messaging":"https://www.gstatic.com/firebasejs/10.12.2/firebase-messaging.js","messaging/sw":"https://www.gstatic.com/firebasejs/10.12.2/firebase-messaging/sw.js","database":"https://www.gstatic.com/firebasejs/10.12.2/firebase-database.js","vertexai-preview":"https://www.gstatic.com/firebasejs/10.12.2/firebase-vertexai-preview.js","firestore.memory":"https://www.gstatic.com/firebasejs/10.12.2/firebase-firestore.memory.js"}}
[info] +  Wrote public/index.html 
[info] 
[info] i  Didn't detect a .git folder. Assuming E:\my-portfolio is the project root. 
[info] i  Authorizing with GitHub to upload your service account to a GitHub repository's secrets store. 
[info] 
[info] Visit this URL on this device to log in:
[info] https://github.com/login/oauth/authorize?client_id=89cf50f02ac6aaed3484&state=734899860&redirect_uri=http%3A%2F%2Flocalhost%3A9005&scope=read%3Auser%20repo%20public_repo
[info] 
[info] Waiting for authentication...
